<?xml version="1.0" encoding="UTF-8"?>
<testng-results skipped="0" failed="0" ignored="0" total="2" passed="2">
  <reporter-output>
  </reporter-output>
  <suite name="Default suite" duration-ms="49" started-at="2023-06-06T07:26:18Z" finished-at="2023-06-06T07:26:18Z">
    <groups>
    </groups>
    <test name="Default test" duration-ms="49" started-at="2023-06-06T07:26:18Z" finished-at="2023-06-06T07:26:18Z">
      <class name="com.kirannn.Test2">
        <test-method status="PASS" signature="Test2()[pri:0, instance:com.kirannn.Test2@3bd40a57]" name="Test2" duration-ms="10" started-at="2023-06-06T07:26:18Z" finished-at="2023-06-06T07:26:18Z">
          <reporter-output>
          </reporter-output>
        </test-method> <!-- Test2 -->
      </class> <!-- com.kirannn.Test2 -->
      <class name="com.kirannn.Test1">
        <test-method status="PASS" signature="Test()[pri:0, instance:com.kirannn.Test1@fdefd3f]" name="Test" duration-ms="1" started-at="2023-06-06T07:26:18Z" finished-at="2023-06-06T07:26:18Z">
          <reporter-output>
          </reporter-output>
        </test-method> <!-- Test -->
      </class> <!-- com.kirannn.Test1 -->
    </test> <!-- Default test -->
  </suite> <!-- Default suite -->
</testng-results>
